<?xml version="1.0" encoding="UTF-8"?>
<!-- Generated by org.testng.reporters.JUnitXMLReporter -->
<testsuite hostname="dluharo277191" ignored="0" name="Google Search A" tests="2" failures="1" timestamp="13 Mar 2018 06:11:39 GMT" time="25.491" errors="0">
  <testcase name="searchMethodA1" time="16.38" classname="com.app.web.tests.GoogleFinanceTest">
    <failure type="java.lang.AssertionError" message="Overall test failed because of the following errors : 
java.lang.AssertionError: Failed
">
      <![CDATA[java.lang.AssertionError: Overall test failed because of the following errors : 
java.lang.AssertionError: Failed

	at com.sapient.taf.reporting.ReportUtil.checkForErrors(ReportUtil.java:275)
	at com.app.web.tests.GoogleFinanceTest.searchMethodA1(GoogleFinanceTest.java:31)
... Removed 26 stack frames]]>
    </failure>
  </testcase> <!-- searchMethodA1 -->
  <testcase name="searchMethodA2" time="7.023" classname="com.app.web.tests.GoogleFinanceTest"/>
</testsuite> <!-- Google Search A -->
