<?xml version="1.0" encoding="UTF-8"?>
<!-- Generated by org.testng.reporters.JUnitXMLReporter -->
<testsuite hostname="dluharo277191" ignored="0" name="Verify Transfer Funds Negative" tests="1" failures="1" timestamp="14 Mar 2018 14:53:17 GMT" time="15.339" errors="0">
  <testcase name="transferFunds_Negative" time="14.258" classname="com.app.web.tests.TransferFundsTestNegative">
    <failure type="java.lang.AssertionError" message="Overall test failed because of the following errors : 
java.lang.AssertionError: Amount verification Failed 
">
      <![CDATA[java.lang.AssertionError: Overall test failed because of the following errors : 
java.lang.AssertionError: Amount verification Failed 

	at com.sapient.taf.reporting.ReportUtil.checkForErrors(ReportUtil.java:287)
	at com.app.web.tests.TransferFundsTestNegative.transferFunds_Negative(TransferFundsTestNegative.java:37)
... Removed 26 stack frames]]>
    </failure>
  </testcase> <!-- transferFunds_Negative -->
</testsuite> <!-- Verify Transfer Funds Negative -->
