<?xml version="1.0" encoding="UTF-8"?>
<!-- Generated by org.testng.reporters.JUnitXMLReporter -->
<testsuite hostname="dluharo277191" ignored="0" name="Verify Transfer Funds Negative" tests="1" failures="1" timestamp="10 Apr 2018 09:29:35 GMT" time="9.389" errors="0">
  <testcase name="transferFunds_Negative" time="9.099" classname="com.app.web.tests.TransferFundsTestNegative">
    <failure type="java.lang.AssertionError" message="Overall test failed because of the following errors : 
java.lang.AssertionError: Amount verification  verification failed
">
      <![CDATA[java.lang.AssertionError: Overall test failed because of the following errors : 
java.lang.AssertionError: Amount verification  verification failed

	at com.sapient.taf.reporting.ReportUtil.checkForErrors(ReportUtil.java:299)
	at com.app.web.tests.TransferFundsTestNegative.transferFunds_Negative(TransferFundsTestNegative.java:38)
... Removed 26 stack frames]]>
    </failure>
  </testcase> <!-- transferFunds_Negative -->
</testsuite> <!-- Verify Transfer Funds Negative -->
