<?xml version="1.0" encoding="UTF-8"?>
<!-- Generated by org.testng.reporters.JUnitReportReporter -->
<testsuite hostname="dluharo205881" failures="0" tests="2" name="com.app.web.tests.GoogleFinanceTest2" time="0.020" errors="2" timestamp="15 Jan 2018 10:05:03 GMT" skipped="0">
  <testcase classname="com.app.web.tests.GoogleFinanceTest2" name="searchMethod22" time="0.001">
    <error message="Unresolved compilation problems: 
	Cannot make a static reference to the non-static method logPass(String) from the type ReportUtil
	Cannot make a static reference to the non-static method logFail(String) from the type ReportUtil
	Cannot make a static reference to the non-static method logSkipped(String) from the type ReportUtil
" type="java.lang.Error">
      <![CDATA[java.lang.Error: Unresolved compilation problems: 
	Cannot make a static reference to the non-static method logPass(String) from the type ReportUtil
	Cannot make a static reference to the non-static method logFail(String) from the type ReportUtil
	Cannot make a static reference to the non-static method logSkipped(String) from the type ReportUtil

	at com.sapient.taf.listeners.TestListener.afterInvocation(TestListener.java:62)
	at org.testng.internal.invokers.InvokedMethodListenerInvoker$InvokeAfterInvocationWithoutContextStrategy.callMethod(InvokedMethodListenerInvoker.java:100)
	at org.testng.internal.invokers.InvokedMethodListenerInvoker.invokeListener(InvokedMethodListenerInvoker.java:62)
	at org.testng.internal.Invoker.runInvokedMethodListeners(Invoker.java:566)
	at org.testng.internal.Invoker.invokeMethod(Invoker.java:713)
	at org.testng.internal.Invoker.invokeTestMethod(Invoker.java:869)
	at org.testng.internal.Invoker.invokeTestMethods(Invoker.java:1193)
	at org.testng.internal.TestMethodWorker.invokeTestMethods(TestMethodWorker.java:126)
	at org.testng.internal.TestMethodWorker.run(TestMethodWorker.java:109)
	at org.testng.TestRunner.privateRun(TestRunner.java:744)
	at org.testng.TestRunner.run(TestRunner.java:602)
	at org.testng.SuiteRunner.runTest(SuiteRunner.java:380)
	at org.testng.SuiteRunner.runSequentially(SuiteRunner.java:375)
	at org.testng.SuiteRunner.privateRun(SuiteRunner.java:340)
	at org.testng.SuiteRunner.run(SuiteRunner.java:289)
	at org.testng.SuiteRunnerWorker.runSuite(SuiteRunnerWorker.java:52)
	at org.testng.SuiteRunnerWorker.run(SuiteRunnerWorker.java:86)
	at org.testng.TestNG.runSuitesSequentially(TestNG.java:1301)
	at org.testng.TestNG.runSuitesLocally(TestNG.java:1226)
	at org.testng.TestNG.runSuites(TestNG.java:1144)
	at org.testng.TestNG.run(TestNG.java:1115)
	at org.testng.remote.AbstractRemoteTestNG.run(AbstractRemoteTestNG.java:114)
	at org.testng.remote.RemoteTestNG.initAndRun(RemoteTestNG.java:251)
	at org.testng.remote.RemoteTestNG.main(RemoteTestNG.java:77)
]]>
    </error>
  </testcase> <!-- searchMethod22 -->
  <testcase classname="com.app.web.tests.GoogleFinanceTest2" name="searchMethod21" time="0.019">
    <error message="Unresolved compilation problems: 
	Cannot make a static reference to the non-static method logPass(String) from the type ReportUtil
	Cannot make a static reference to the non-static method logFail(String) from the type ReportUtil
	Cannot make a static reference to the non-static method logSkipped(String) from the type ReportUtil
" type="java.lang.Error">
      <![CDATA[java.lang.Error: Unresolved compilation problems: 
	Cannot make a static reference to the non-static method logPass(String) from the type ReportUtil
	Cannot make a static reference to the non-static method logFail(String) from the type ReportUtil
	Cannot make a static reference to the non-static method logSkipped(String) from the type ReportUtil

	at com.sapient.taf.listeners.TestListener.afterInvocation(TestListener.java:62)
	at org.testng.internal.invokers.InvokedMethodListenerInvoker$InvokeAfterInvocationWithoutContextStrategy.callMethod(InvokedMethodListenerInvoker.java:100)
	at org.testng.internal.invokers.InvokedMethodListenerInvoker.invokeListener(InvokedMethodListenerInvoker.java:62)
	at org.testng.internal.Invoker.runInvokedMethodListeners(Invoker.java:566)
	at org.testng.internal.Invoker.invokeMethod(Invoker.java:713)
	at org.testng.internal.Invoker.invokeTestMethod(Invoker.java:869)
	at org.testng.internal.Invoker.invokeTestMethods(Invoker.java:1193)
	at org.testng.internal.TestMethodWorker.invokeTestMethods(TestMethodWorker.java:126)
	at org.testng.internal.TestMethodWorker.run(TestMethodWorker.java:109)
	at org.testng.TestRunner.privateRun(TestRunner.java:744)
	at org.testng.TestRunner.run(TestRunner.java:602)
	at org.testng.SuiteRunner.runTest(SuiteRunner.java:380)
	at org.testng.SuiteRunner.runSequentially(SuiteRunner.java:375)
	at org.testng.SuiteRunner.privateRun(SuiteRunner.java:340)
	at org.testng.SuiteRunner.run(SuiteRunner.java:289)
	at org.testng.SuiteRunnerWorker.runSuite(SuiteRunnerWorker.java:52)
	at org.testng.SuiteRunnerWorker.run(SuiteRunnerWorker.java:86)
	at org.testng.TestNG.runSuitesSequentially(TestNG.java:1301)
	at org.testng.TestNG.runSuitesLocally(TestNG.java:1226)
	at org.testng.TestNG.runSuites(TestNG.java:1144)
	at org.testng.TestNG.run(TestNG.java:1115)
	at org.testng.remote.AbstractRemoteTestNG.run(AbstractRemoteTestNG.java:114)
	at org.testng.remote.RemoteTestNG.initAndRun(RemoteTestNG.java:251)
	at org.testng.remote.RemoteTestNG.main(RemoteTestNG.java:77)
]]>
    </error>
  </testcase> <!-- searchMethod21 -->
</testsuite> <!-- com.app.web.tests.GoogleFinanceTest2 -->
